This is pdfTeX, Version 3.14159265-2.6-1.40.16 (TeX Live 2015/Debian) (preloaded format=pdflatex 2016.5.20)  2 JUN 2016 03:45
entering extended mode
 restricted \write18 enabled.
 %&-line parsing enabled.
**rapport.tex
(./rapport.tex
LaTeX2e <2016/02/01>
Babel <3.9q> and hyphenation patterns for 5 language(s) loaded.
(./sdm.cls
Document Class: sdm 2015/02/02 v0.1 LaTeX document class for Université Rennes
 1
(/usr/share/texlive/texmf-dist/tex/latex/base/article.cls
Document Class: article 2014/09/29 v1.4h Standard LaTeX document class
(/usr/share/texlive/texmf-dist/tex/latex/base/size11.clo
File: size11.clo 2014/09/29 v1.4h Standard LaTeX file (size option)
)
\c@part=\count79
\c@section=\count80
\c@subsection=\count81
\c@subsubsection=\count82
\c@paragraph=\count83
\c@subparagraph=\count84
\c@figure=\count85
\c@table=\count86
\abovecaptionskip=\skip41
\belowcaptionskip=\skip42
\bibindent=\dimen102
)
(/usr/share/texlive/texmf-dist/tex/latex/preprint/fullpage.sty
Package: fullpage 1999/02/23 1.1 (PWD)
\FP@margin=\skip43
)
(/usr/share/texlive/texmf-dist/tex/latex/graphics/graphicx.sty
Package: graphicx 2014/10/28 v1.0g Enhanced LaTeX Graphics (DPC,SPQR)

(/usr/share/texlive/texmf-dist/tex/latex/graphics/keyval.sty
Package: keyval 2014/10/28 v1.15 key=value parser (DPC)
\KV@toks@=\toks14
)
(/usr/share/texlive/texmf-dist/tex/latex/graphics/graphics.sty
Package: graphics 2016/01/03 v1.0q Standard LaTeX Graphics (DPC,SPQR)

(/usr/share/texlive/texmf-dist/tex/latex/graphics/trig.sty
Package: trig 2016/01/03 v1.10 sin cos tan (DPC)
)
(/usr/share/texlive/texmf-dist/tex/latex/latexconfig/graphics.cfg
File: graphics.cfg 2010/04/23 v1.9 graphics configuration of TeX Live
)
Package graphics Info: Driver file: pdftex.def on input line 95.

(/usr/share/texlive/texmf-dist/tex/latex/pdftex-def/pdftex.def
File: pdftex.def 2011/05/27 v0.06d Graphics/color for pdfTeX

(/usr/share/texlive/texmf-dist/tex/generic/oberdiek/infwarerr.sty
Package: infwarerr 2010/04/08 v1.3 Providing info/warning/error messages (HO)
)
(/usr/share/texlive/texmf-dist/tex/generic/oberdiek/ltxcmds.sty
Package: ltxcmds 2011/11/09 v1.22 LaTeX kernel commands for general use (HO)
)
\Gread@gobject=\count87
))
\Gin@req@height=\dimen103
\Gin@req@width=\dimen104
))
(/usr/share/texlive/texmf-dist/tex/latex/xcolor/xcolor.sty
Package: xcolor 2007/01/21 v2.11 LaTeX color extensions (UK)

(/usr/share/texlive/texmf-dist/tex/latex/latexconfig/color.cfg
File: color.cfg 2007/01/18 v1.5 color configuration of teTeX/TeXLive
)
Package xcolor Info: Driver file: pdftex.def on input line 225.
Package xcolor Info: Model `cmy' substituted by `cmy0' on input line 1337.
Package xcolor Info: Model `hsb' substituted by `rgb' on input line 1341.
Package xcolor Info: Model `RGB' extended on input line 1353.
Package xcolor Info: Model `HTML' substituted by `rgb' on input line 1355.
Package xcolor Info: Model `Hsb' substituted by `hsb' on input line 1356.
Package xcolor Info: Model `tHsb' substituted by `hsb' on input line 1357.
Package xcolor Info: Model `HSB' substituted by `hsb' on input line 1358.
Package xcolor Info: Model `Gray' substituted by `gray' on input line 1359.
Package xcolor Info: Model `wave' substituted by `hsb' on input line 1360.
)
(/usr/share/texlive/texmf-dist/tex/latex/float/float.sty
Package: float 2001/11/08 v1.3d Float enhancements (AL)
\c@float@type=\count88
\float@exts=\toks15
\float@box=\box26
\@float@everytoks=\toks16
\@floatcapt=\box27
)
(/usr/share/texlive/texmf-dist/tex/latex/base/inputenc.sty
Package: inputenc 2015/03/17 v1.2c Input encoding file
\inpenc@prehook=\toks17
\inpenc@posthook=\toks18

(/usr/share/texlive/texmf-dist/tex/latex/base/utf8.def
File: utf8.def 2015/12/03 v1.1r UTF-8 support for inputenc
Now handling font encoding OML ...
... no UTF-8 mapping file for font encoding OML
Now handling font encoding T1 ...
... processing UTF-8 mapping file for font encoding T1

(/usr/share/texlive/texmf-dist/tex/latex/base/t1enc.dfu
File: t1enc.dfu 2015/12/03 v1.1r UTF-8 support for inputenc
   defining Unicode char U+00A0 (decimal 160)
   defining Unicode char U+00A1 (decimal 161)
   defining Unicode char U+00A3 (decimal 163)
   defining Unicode char U+00AB (decimal 171)
   defining Unicode char U+00AD (decimal 173)
   defining Unicode char U+00BB (decimal 187)
   defining Unicode char U+00BF (decimal 191)
   defining Unicode char U+00C0 (decimal 192)
   defining Unicode char U+00C1 (decimal 193)
   defining Unicode char U+00C2 (decimal 194)
   defining Unicode char U+00C3 (decimal 195)
   defining Unicode char U+00C4 (decimal 196)
   defining Unicode char U+00C5 (decimal 197)
   defining Unicode char U+00C6 (decimal 198)
   defining Unicode char U+00C7 (decimal 199)
   defining Unicode char U+00C8 (decimal 200)
   defining Unicode char U+00C9 (decimal 201)
   defining Unicode char U+00CA (decimal 202)
   defining Unicode char U+00CB (decimal 203)
   defining Unicode char U+00CC (decimal 204)
   defining Unicode char U+00CD (decimal 205)
   defining Unicode char U+00CE (decimal 206)
   defining Unicode char U+00CF (decimal 207)
   defining Unicode char U+00D0 (decimal 208)
   defining Unicode char U+00D1 (decimal 209)
   defining Unicode char U+00D2 (decimal 210)
   defining Unicode char U+00D3 (decimal 211)
   defining Unicode char U+00D4 (decimal 212)
   defining Unicode char U+00D5 (decimal 213)
   defining Unicode char U+00D6 (decimal 214)
   defining Unicode char U+00D8 (decimal 216)
   defining Unicode char U+00D9 (decimal 217)
   defining Unicode char U+00DA (decimal 218)
   defining Unicode char U+00DB (decimal 219)
   defining Unicode char U+00DC (decimal 220)
   defining Unicode char U+00DD (decimal 221)
   defining Unicode char U+00DE (decimal 222)
   defining Unicode char U+00DF (decimal 223)
   defining Unicode char U+00E0 (decimal 224)
   defining Unicode char U+00E1 (decimal 225)
   defining Unicode char U+00E2 (decimal 226)
   defining Unicode char U+00E3 (decimal 227)
   defining Unicode char U+00E4 (decimal 228)
   defining Unicode char U+00E5 (decimal 229)
   defining Unicode char U+00E6 (decimal 230)
   defining Unicode char U+00E7 (decimal 231)
   defining Unicode char U+00E8 (decimal 232)
   defining Unicode char U+00E9 (decimal 233)
   defining Unicode char U+00EA (decimal 234)
   defining Unicode char U+00EB (decimal 235)
   defining Unicode char U+00EC (decimal 236)
   defining Unicode char U+00ED (decimal 237)
   defining Unicode char U+00EE (decimal 238)
   defining Unicode char U+00EF (decimal 239)
   defining Unicode char U+00F0 (decimal 240)
   defining Unicode char U+00F1 (decimal 241)
   defining Unicode char U+00F2 (decimal 242)
   defining Unicode char U+00F3 (decimal 243)
   defining Unicode char U+00F4 (decimal 244)
   defining Unicode char U+00F5 (decimal 245)
   defining Unicode char U+00F6 (decimal 246)
   defining Unicode char U+00F8 (decimal 248)
   defining Unicode char U+00F9 (decimal 249)
   defining Unicode char U+00FA (decimal 250)
   defining Unicode char U+00FB (decimal 251)
   defining Unicode char U+00FC (decimal 252)
   defining Unicode char U+00FD (decimal 253)
   defining Unicode char U+00FE (decimal 254)
   defining Unicode char U+00FF (decimal 255)
   defining Unicode char U+0100 (decimal 256)
   defining Unicode char U+0101 (decimal 257)
   defining Unicode char U+0102 (decimal 258)
   defining Unicode char U+0103 (decimal 259)
   defining Unicode char U+0104 (decimal 260)
   defining Unicode char U+0105 (decimal 261)
   defining Unicode char U+0106 (decimal 262)
   defining Unicode char U+0107 (decimal 263)
   defining Unicode char U+0108 (decimal 264)
   defining Unicode char U+0109 (decimal 265)
   defining Unicode char U+010A (decimal 266)
   defining Unicode char U+010B (decimal 267)
   defining Unicode char U+010C (decimal 268)
   defining Unicode char U+010D (decimal 269)
   defining Unicode char U+010E (decimal 270)
   defining Unicode char U+010F (decimal 271)
   defining Unicode char U+0110 (decimal 272)
   defining Unicode char U+0111 (decimal 273)
   defining Unicode char U+0112 (decimal 274)
   defining Unicode char U+0113 (decimal 275)
   defining Unicode char U+0114 (decimal 276)
   defining Unicode char U+0115 (decimal 277)
   defining Unicode char U+0116 (decimal 278)
   defining Unicode char U+0117 (decimal 279)
   defining Unicode char U+0118 (decimal 280)
   defining Unicode char U+0119 (decimal 281)
   defining Unicode char U+011A (decimal 282)
   defining Unicode char U+011B (decimal 283)
   defining Unicode char U+011C (decimal 284)
   defining Unicode char U+011D (decimal 285)
   defining Unicode char U+011E (decimal 286)
   defining Unicode char U+011F (decimal 287)
   defining Unicode char U+0120 (decimal 288)
   defining Unicode char U+0121 (decimal 289)
   defining Unicode char U+0122 (decimal 290)
   defining Unicode char U+0123 (decimal 291)
   defining Unicode char U+0124 (decimal 292)
   defining Unicode char U+0125 (decimal 293)
   defining Unicode char U+0128 (decimal 296)
   defining Unicode char U+0129 (decimal 297)
   defining Unicode char U+012A (decimal 298)
   defining Unicode char U+012B (decimal 299)
   defining Unicode char U+012C (decimal 300)
   defining Unicode char U+012D (decimal 301)
   defining Unicode char U+012E (decimal 302)
   defining Unicode char U+012F (decimal 303)
   defining Unicode char U+0130 (decimal 304)
   defining Unicode char U+0131 (decimal 305)
   defining Unicode char U+0132 (decimal 306)
   defining Unicode char U+0133 (decimal 307)
   defining Unicode char U+0134 (decimal 308)
   defining Unicode char U+0135 (decimal 309)
   defining Unicode char U+0136 (decimal 310)
   defining Unicode char U+0137 (decimal 311)
   defining Unicode char U+0139 (decimal 313)
   defining Unicode char U+013A (decimal 314)
   defining Unicode char U+013B (decimal 315)
   defining Unicode char U+013C (decimal 316)
   defining Unicode char U+013D (decimal 317)
   defining Unicode char U+013E (decimal 318)
   defining Unicode char U+0141 (decimal 321)
   defining Unicode char U+0142 (decimal 322)
   defining Unicode char U+0143 (decimal 323)
   defining Unicode char U+0144 (decimal 324)
   defining Unicode char U+0145 (decimal 325)
   defining Unicode char U+0146 (decimal 326)
   defining Unicode char U+0147 (decimal 327)
   defining Unicode char U+0148 (decimal 328)
   defining Unicode char U+014A (decimal 330)
   defining Unicode char U+014B (decimal 331)
   defining Unicode char U+014C (decimal 332)
   defining Unicode char U+014D (decimal 333)
   defining Unicode char U+014E (decimal 334)
   defining Unicode char U+014F (decimal 335)
   defining Unicode char U+0150 (decimal 336)
   defining Unicode char U+0151 (decimal 337)
   defining Unicode char U+0152 (decimal 338)
   defining Unicode char U+0153 (decimal 339)
   defining Unicode char U+0154 (decimal 340)
   defining Unicode char U+0155 (decimal 341)
   defining Unicode char U+0156 (decimal 342)
   defining Unicode char U+0157 (decimal 343)
   defining Unicode char U+0158 (decimal 344)
   defining Unicode char U+0159 (decimal 345)
   defining Unicode char U+015A (decimal 346)
   defining Unicode char U+015B (decimal 347)
   defining Unicode char U+015C (decimal 348)
   defining Unicode char U+015D (decimal 349)
   defining Unicode char U+015E (decimal 350)
   defining Unicode char U+015F (decimal 351)
   defining Unicode char U+0160 (decimal 352)
   defining Unicode char U+0161 (decimal 353)
   defining Unicode char U+0162 (decimal 354)
   defining Unicode char U+0163 (decimal 355)
   defining Unicode char U+0164 (decimal 356)
   defining Unicode char U+0165 (decimal 357)
   defining Unicode char U+0168 (decimal 360)
   defining Unicode char U+0169 (decimal 361)
   defining Unicode char U+016A (decimal 362)
   defining Unicode char U+016B (decimal 363)
   defining Unicode char U+016C (decimal 364)
   defining Unicode char U+016D (decimal 365)
   defining Unicode char U+016E (decimal 366)
   defining Unicode char U+016F (decimal 367)
   defining Unicode char U+0170 (decimal 368)
   defining Unicode char U+0171 (decimal 369)
   defining Unicode char U+0172 (decimal 370)
   defining Unicode char U+0173 (decimal 371)
   defining Unicode char U+0174 (decimal 372)
   defining Unicode char U+0175 (decimal 373)
   defining Unicode char U+0176 (decimal 374)
   defining Unicode char U+0177 (decimal 375)
   defining Unicode char U+0178 (decimal 376)
   defining Unicode char U+0179 (decimal 377)
   defining Unicode char U+017A (decimal 378)
   defining Unicode char U+017B (decimal 379)
   defining Unicode char U+017C (decimal 380)
   defining Unicode char U+017D (decimal 381)
   defining Unicode char U+017E (decimal 382)
   defining Unicode char U+01CD (decimal 461)
   defining Unicode char U+01CE (decimal 462)
   defining Unicode char U+01CF (decimal 463)
   defining Unicode char U+01D0 (decimal 464)
   defining Unicode char U+01D1 (decimal 465)
   defining Unicode char U+01D2 (decimal 466)
   defining Unicode char U+01D3 (decimal 467)
   defining Unicode char U+01D4 (decimal 468)
   defining Unicode char U+01E2 (decimal 482)
   defining Unicode char U+01E3 (decimal 483)
   defining Unicode char U+01E6 (decimal 486)
   defining Unicode char U+01E7 (decimal 487)
   defining Unicode char U+01E8 (decimal 488)
   defining Unicode char U+01E9 (decimal 489)
   defining Unicode char U+01EA (decimal 490)
   defining Unicode char U+01EB (decimal 491)
   defining Unicode char U+01F0 (decimal 496)
   defining Unicode char U+01F4 (decimal 500)
   defining Unicode char U+01F5 (decimal 501)
   defining Unicode char U+0218 (decimal 536)
   defining Unicode char U+0219 (decimal 537)
   defining Unicode char U+021A (decimal 538)
   defining Unicode char U+021B (decimal 539)
   defining Unicode char U+01E02 (decimal 7682)
   defining Unicode char U+01E03 (decimal 7683)
   defining Unicode char U+200C (decimal 8204)
   defining Unicode char U+2013 (decimal 8211)
   defining Unicode char U+2014 (decimal 8212)
   defining Unicode char U+2018 (decimal 8216)
   defining Unicode char U+2019 (decimal 8217)
   defining Unicode char U+201A (decimal 8218)
   defining Unicode char U+201C (decimal 8220)
   defining Unicode char U+201D (decimal 8221)
   defining Unicode char U+201E (decimal 8222)
   defining Unicode char U+2030 (decimal 8240)
   defining Unicode char U+2031 (decimal 8241)
   defining Unicode char U+2039 (decimal 8249)
   defining Unicode char U+203A (decimal 8250)
   defining Unicode char U+2423 (decimal 9251)
)
Now handling font encoding OT1 ...
... processing UTF-8 mapping file for font encoding OT1

(/usr/share/texlive/texmf-dist/tex/latex/base/ot1enc.dfu
File: ot1enc.dfu 2015/12/03 v1.1r UTF-8 support for inputenc
   defining Unicode char U+00A0 (decimal 160)
   defining Unicode char U+00A1 (decimal 161)
   defining Unicode char U+00A3 (decimal 163)
   defining Unicode char U+00AD (decimal 173)
   defining Unicode char U+00B8 (decimal 184)
   defining Unicode char U+00BF (decimal 191)
   defining Unicode char U+00C5 (decimal 197)
   defining Unicode char U+00C6 (decimal 198)
   defining Unicode char U+00D8 (decimal 216)
   defining Unicode char U+00DF (decimal 223)
   defining Unicode char U+00E6 (decimal 230)
   defining Unicode char U+00EC (decimal 236)
   defining Unicode char U+00ED (decimal 237)
   defining Unicode char U+00EE (decimal 238)
   defining Unicode char U+00EF (decimal 239)
   defining Unicode char U+00F8 (decimal 248)
   defining Unicode char U+0131 (decimal 305)
   defining Unicode char U+0141 (decimal 321)
   defining Unicode char U+0142 (decimal 322)
   defining Unicode char U+0152 (decimal 338)
   defining Unicode char U+0153 (decimal 339)
   defining Unicode char U+0174 (decimal 372)
   defining Unicode char U+0175 (decimal 373)
   defining Unicode char U+0176 (decimal 374)
   defining Unicode char U+0177 (decimal 375)
   defining Unicode char U+0218 (decimal 536)
   defining Unicode char U+0219 (decimal 537)
   defining Unicode char U+021A (decimal 538)
   defining Unicode char U+021B (decimal 539)
   defining Unicode char U+2013 (decimal 8211)
   defining Unicode char U+2014 (decimal 8212)
   defining Unicode char U+2018 (decimal 8216)
   defining Unicode char U+2019 (decimal 8217)
   defining Unicode char U+201C (decimal 8220)
   defining Unicode char U+201D (decimal 8221)
)
Now handling font encoding OMS ...
... processing UTF-8 mapping file for font encoding OMS

(/usr/share/texlive/texmf-dist/tex/latex/base/omsenc.dfu
File: omsenc.dfu 2015/12/03 v1.1r UTF-8 support for inputenc
   defining Unicode char U+00A7 (decimal 167)
   defining Unicode char U+00B6 (decimal 182)
   defining Unicode char U+00B7 (decimal 183)
   defining Unicode char U+2020 (decimal 8224)
   defining Unicode char U+2021 (decimal 8225)
   defining Unicode char U+2022 (decimal 8226)
)
Now handling font encoding OMX ...
... no UTF-8 mapping file for font encoding OMX
Now handling font encoding U ...
... no UTF-8 mapping file for font encoding U
   defining Unicode char U+00A9 (decimal 169)
   defining Unicode char U+00AA (decimal 170)
   defining Unicode char U+00AE (decimal 174)
   defining Unicode char U+00BA (decimal 186)
   defining Unicode char U+02C6 (decimal 710)
   defining Unicode char U+02DC (decimal 732)
   defining Unicode char U+200C (decimal 8204)
   defining Unicode char U+2026 (decimal 8230)
   defining Unicode char U+2122 (decimal 8482)
   defining Unicode char U+2423 (decimal 9251)
))
(/usr/share/texlive/texmf-dist/tex/latex/tools/indentfirst.sty
Package: indentfirst 1995/11/23 v1.03 Indent first paragraph (DPC)
)
(/usr/share/texlive/texmf-dist/tex/latex/listings/listings.sty
\lst@mode=\count89
\lst@gtempboxa=\box28
\lst@token=\toks19
\lst@length=\count90
\lst@currlwidth=\dimen105
\lst@column=\count91
\lst@pos=\count92
\lst@lostspace=\dimen106
\lst@width=\dimen107
\lst@newlines=\count93
\lst@lineno=\count94
\lst@maxwidth=\dimen108

(/usr/share/texlive/texmf-dist/tex/latex/listings/lstmisc.sty
File: lstmisc.sty 2015/06/04 1.6 (Carsten Heinz)
\c@lstnumber=\count95
\lst@skipnumbers=\count96
\lst@framebox=\box29
)
(/usr/share/texlive/texmf-dist/tex/latex/listings/listings.cfg
File: listings.cfg 2015/06/04 1.6 listings configuration
))
Package: listings 2015/06/04 1.6 (Carsten Heinz)

(/usr/share/texlive/texmf-dist/tex/generic/oberdiek/hyphsubst.sty
Package: hyphsubst 2008/06/09 v0.2 Substitute hyphenation patterns (HO)
)
(/usr/share/texlive/texmf-dist/tex/latex/amsmath/amsmath.sty
Package: amsmath 2016/03/03 v2.15a AMS math features
\@mathmargin=\skip44

For additional information on amsmath, use the `?' option.
(/usr/share/texlive/texmf-dist/tex/latex/amsmath/amstext.sty
Package: amstext 2000/06/29 v2.01 AMS text

(/usr/share/texlive/texmf-dist/tex/latex/amsmath/amsgen.sty
File: amsgen.sty 1999/11/30 v2.0 generic functions
\@emptytoks=\toks20
\ex@=\dimen109
))
(/usr/share/texlive/texmf-dist/tex/latex/amsmath/amsbsy.sty
Package: amsbsy 1999/11/29 v1.2d Bold Symbols
\pmbraise@=\dimen110
)
(/usr/share/texlive/texmf-dist/tex/latex/amsmath/amsopn.sty
Package: amsopn 1999/12/14 v2.01 operator names
)
\inf@bad=\count97
LaTeX Info: Redefining \frac on input line 199.
\uproot@=\count98
\leftroot@=\count99
LaTeX Info: Redefining \overline on input line 297.
\classnum@=\count100
\DOTSCASE@=\count101
LaTeX Info: Redefining \ldots on input line 394.
LaTeX Info: Redefining \dots on input line 397.
LaTeX Info: Redefining \cdots on input line 518.
\Mathstrutbox@=\box30
\strutbox@=\box31
\big@size=\dimen111
LaTeX Font Info:    Redeclaring font encoding OML on input line 630.
LaTeX Font Info:    Redeclaring font encoding OMS on input line 631.
\macc@depth=\count102
\c@MaxMatrixCols=\count103
\dotsspace@=\muskip10
\c@parentequation=\count104
\dspbrk@lvl=\count105
\tag@help=\toks21
\row@=\count106
\column@=\count107
\maxfields@=\count108
\andhelp@=\toks22
\eqnshift@=\dimen112
\alignsep@=\dimen113
\tagshift@=\dimen114
\tagwidth@=\dimen115
\totwidth@=\dimen116
\lineht@=\dimen117
\@envbody=\toks23
\multlinegap=\skip45
\multlinetaggap=\skip46
\mathdisplay@stack=\toks24
LaTeX Info: Redefining \[ on input line 2735.
LaTeX Info: Redefining \] on input line 2736.
)
(/usr/share/texlive/texmf-dist/tex/latex/listings/lstlang1.sty
File: lstlang1.sty 2015/06/04 1.6 listings language file
)
(/usr/share/texlive/texmf-dist/tex/latex/listings/lstmisc.sty
File: lstmisc.sty 2015/06/04 1.6 (Carsten Heinz)
) (./rapport.aux)
\openout1 = `rapport.aux'.

LaTeX Font Info:    Checking defaults for OML/cmm/m/it on input line 46.
LaTeX Font Info:    ... okay on input line 46.
LaTeX Font Info:    Checking defaults for T1/cmr/m/n on input line 46.
LaTeX Font Info:    ... okay on input line 46.
LaTeX Font Info:    Checking defaults for OT1/cmr/m/n on input line 46.
LaTeX Font Info:    ... okay on input line 46.
LaTeX Font Info:    Checking defaults for OMS/cmsy/m/n on input line 46.
LaTeX Font Info:    ... okay on input line 46.
LaTeX Font Info:    Checking defaults for OMX/cmex/m/n on input line 46.
LaTeX Font Info:    ... okay on input line 46.
LaTeX Font Info:    Checking defaults for U/cmr/m/n on input line 46.
LaTeX Font Info:    ... okay on input line 46.

(/usr/share/texlive/texmf-dist/tex/context/base/supp-pdf.mkii
[Loading MPS to PDF converter (version 2006.09.02).]
\scratchcounter=\count109
\scratchdimen=\dimen118
\scratchbox=\box32
\nofMPsegments=\count110
\nofMParguments=\count111
\everyMPshowfont=\toks25
\MPscratchCnt=\count112
\MPscratchDim=\dimen119
\MPnumerator=\count113
\makeMPintoPDFobject=\count114
\everyMPtoPDFconversion=\toks26
) (/usr/share/texlive/texmf-dist/tex/generic/oberdiek/pdftexcmds.sty
Package: pdftexcmds 2011/11/29 v0.20 Utility functions of pdfTeX for LuaTeX (HO
)

(/usr/share/texlive/texmf-dist/tex/generic/oberdiek/ifluatex.sty
Package: ifluatex 2010/03/01 v1.3 Provides the ifluatex switch (HO)
Package ifluatex Info: LuaTeX not detected.
)
(/usr/share/texlive/texmf-dist/tex/generic/oberdiek/ifpdf.sty
Package: ifpdf 2011/01/30 v2.3 Provides the ifpdf switch (HO)
Package ifpdf Info: pdfTeX in PDF mode is detected.
)
Package pdftexcmds Info: LuaTeX not detected.
Package pdftexcmds Info: \pdf@primitive is available.
Package pdftexcmds Info: \pdf@ifprimitive is available.
Package pdftexcmds Info: \pdfdraftmode found.
)
(/usr/share/texlive/texmf-dist/tex/latex/oberdiek/epstopdf-base.sty
Package: epstopdf-base 2010/02/09 v2.5 Base part for package epstopdf

(/usr/share/texlive/texmf-dist/tex/latex/oberdiek/grfext.sty
Package: grfext 2010/08/19 v1.1 Manage graphics extensions (HO)

(/usr/share/texlive/texmf-dist/tex/generic/oberdiek/kvdefinekeys.sty
Package: kvdefinekeys 2011/04/07 v1.3 Define keys (HO)
))
(/usr/share/texlive/texmf-dist/tex/latex/oberdiek/kvoptions.sty
Package: kvoptions 2011/06/30 v3.11 Key value format for package options (HO)

(/usr/share/texlive/texmf-dist/tex/generic/oberdiek/kvsetkeys.sty
Package: kvsetkeys 2012/04/25 v1.16 Key value parser (HO)

(/usr/share/texlive/texmf-dist/tex/generic/oberdiek/etexcmds.sty
Package: etexcmds 2011/02/16 v1.5 Avoid name clashes with e-TeX commands (HO)
Package etexcmds Info: Could not find \expanded.
(etexcmds)             That can mean that you are not using pdfTeX 1.50 or
(etexcmds)             that some package has redefined \expanded.
(etexcmds)             In the latter case, load this package earlier.
)))
Package grfext Info: Graphics extension search list:
(grfext)             [.png,.pdf,.jpg,.mps,.jpeg,.jbig2,.jb2,.PNG,.PDF,.JPG,.JPE
G,.JBIG2,.JB2,.eps]
(grfext)             \AppendGraphicsExtensions on input line 452.

(/usr/share/texlive/texmf-dist/tex/latex/latexconfig/epstopdf-sys.cfg
File: epstopdf-sys.cfg 2010/07/13 v1.3 Configuration of (r)epstopdf for TeX Liv
e
))
\c@lstlisting=\count115

<./header.jpg, id=1, 722.7pt x 144.54pt>
File: ./header.jpg Graphic file (type jpg)
 <use ./header.jpg>
Package pdftex.def Info: ./header.jpg used on input line 47.
(pdftex.def)             Requested size: 375.80544pt x 75.16121pt.

<./rennes1.png, id=2, 353.32pt x 143.53625pt>
File: ./rennes1.png Graphic file (type png)
 <use ./rennes1.png>
Package pdftex.def Info: ./rennes1.png used on input line 47.
(pdftex.def)             Requested size: 42.27623pt x 17.17322pt.

<./ENS-Rennes.png, id=3, 479.54156pt x 205.5178pt>
File: ./ENS-Rennes.png Graphic file (type png)
 <use ./ENS-Rennes.png>
Package pdftex.def Info: ./ENS-Rennes.png used on input line 47.
(pdftex.def)             Requested size: 42.27623pt x 18.11635pt.

<./insa-rennes.png, id=4, 305.7021pt x 66.2475pt>
File: ./insa-rennes.png Graphic file (type png)
 <use ./insa-rennes.png>
Package pdftex.def Info: ./insa-rennes.png used on input line 47.
(pdftex.def)             Requested size: 46.97836pt x 10.1803pt.

<./supelec.jpg, id=6, 277.5168pt x 142.6128pt>
File: ./supelec.jpg Graphic file (type jpg)
 <use ./supelec.jpg>
Package pdftex.def Info: ./supelec.jpg used on input line 47.
(pdftex.def)             Requested size: 37.58125pt x 19.31064pt.

<./esir.png, id=7, 160.6pt x 71.26625pt>
File: ./esir.png Graphic file (type png)
 <use ./esir.png>
Package pdftex.def Info: ./esir.png used on input line 47.
(pdftex.def)             Requested size: 28.18414pt x 12.50656pt.

<./enssat.png, id=8, 1354.05875pt x 552.0625pt>
File: ./enssat.png Graphic file (type png)
 <use ./enssat.png>
Package pdftex.def Info: ./enssat.png used on input line 47.
(pdftex.def)             Requested size: 32.88629pt x 13.40224pt.

<./UBO.png, id=9, 170.7981pt x 113.9457pt>
File: ./UBO.png Graphic file (type png)
 <use ./UBO.png>
Package pdftex.def Info: ./UBO.png used on input line 47.
(pdftex.def)             Requested size: 32.88629pt x 21.93852pt.

<./logo_ENIB.jpg, id=10, 742.775pt x 355.3275pt>
File: ./logo_ENIB.jpg Graphic file (type jpg)
 <use ./logo_ENIB.jpg>
Package pdftex.def Info: ./logo_ENIB.jpg used on input line 47.
(pdftex.def)             Requested size: 42.27623pt x 20.22351pt.

<./tel-br.jpg, id=11, 593.21625pt x 593.21625pt>
File: ./tel-br.jpg Graphic file (type jpg)
 <use ./tel-br.jpg>
Package pdftex.def Info: ./tel-br.jpg used on input line 47.
(pdftex.def)             Requested size: 23.48918pt x 23.48021pt.

<./ensta.jpg, id=12, 204.765pt x 247.92625pt>
File: ./ensta.jpg Graphic file (type jpg)
 <use ./ensta.jpg>
Package pdftex.def Info: ./ensta.jpg used on input line 47.
(pdftex.def)             Requested size: 23.48918pt x 28.43715pt.

<./logoUbs.png, id=13, 151.0443pt x 96.36pt>
File: ./logoUbs.png Graphic file (type png)
 <use ./logoUbs.png>
Package pdftex.def Info: ./logoUbs.png used on input line 47.
(pdftex.def)             Requested size: 23.48918pt x 14.98416pt.

<supelec.jpg, id=14, 277.5168pt x 142.6128pt>
File: supelec.jpg Graphic file (type jpg)
 <use supelec.jpg>
Package pdftex.def Info: supelec.jpg used on input line 47.
(pdftex.def)             Requested size: 42.27623pt x 21.72392pt.
 [1

{/var/lib/texmf/fonts/map/pdftex/updmap/pdftex.map} <./header.jpg> <./rennes1.p
ng (PNG copy)> <./ENS-Rennes.png (PNG copy)> <./insa-rennes.png> <./supelec.jpg
> <./esir.png (PNG copy)> <./enssat.png> <./UBO.png> <./logo_ENIB.jpg> <./tel-b
r.jpg> <./ensta.jpg> <./logoUbs.png> <./supelec.jpg>] (./rapport.toc)
\tf@toc=\write3
\openout3 = `rapport.toc'.

 [1] [1]
LaTeX Font Info:    Try loading font information for OMS+cmr on input line 88.

(/usr/share/texlive/texmf-dist/tex/latex/base/omscmr.fd
File: omscmr.fd 2014/09/29 v2.5h Standard LaTeX font definitions
)
LaTeX Font Info:    Font shape `OMS/cmr/m/n' in size <10.95> not available
(Font)              Font shape `OMS/cmsy/m/n' tried instead on input line 88.
 [2]
<images/algo_sandboxing.pdf, id=42, 604.2575pt x 137.51375pt>
File: images/algo_sandboxing.pdf Graphic file (type pdf)

<use images/algo_sandboxing.pdf>
Package pdftex.def Info: images/algo_sandboxing.pdf used on input line 117.
(pdftex.def)             Requested size: 302.128pt x 68.7567pt.
 [3 <./images/algo_sandboxing.pdf>] [4]
[5] <images/nacl_constraints.png, id=56, 1195.46625pt x 666.49pt>
File: images/nacl_constraints.png Graphic file (type png)

<use images/nacl_constraints.png>
Package pdftex.def Info: images/nacl_constraints.png used on input line 193.
(pdftex.def)             Requested size: 298.86583pt x 166.62209pt.
 [6]
<images/nacl_jump.png, id=60, 865.2325pt x 123.46124pt>
File: images/nacl_jump.png Graphic file (type png)

<use images/nacl_jump.png>
Package pdftex.def Info: images/nacl_jump.png used on input line 206.
(pdftex.def)             Requested size: 190.35173pt x 27.16154pt.
 [7 <./images/nacl_constraints.png> <./images/nacl_jump.png>] <images/compcert_
pass.png, id=66, 1479.5275pt x 572.1375pt>
File: images/compcert_pass.png Graphic file (type png)

<use images/compcert_pass.png>
Package pdftex.def Info: images/compcert_pass.png used on input line 235.
(pdftex.def)             Requested size: 473.45848pt x 183.08774pt.

Overfull \hbox (3.70346pt too wide) in paragraph at lines 235--236
 [][] 
 []

[8 <./images/compcert_pass.png>] [9]
<images/psfi.png, id=75, 997.7275pt x 616.3025pt>
File: images/psfi.png Graphic file (type png)
 <use images/psfi.png>
Package pdftex.def Info: images/psfi.png used on input line 282.
(pdftex.def)             Requested size: 359.18163pt x 221.86873pt.

[10 <./images/psfi.png>]
<images/before_shadow.png, id=80, 671.50874pt x 263.98625pt>
File: images/before_shadow.png Graphic file (type png)

<use images/before_shadow.png>
Package pdftex.def Info: images/before_shadow.png used on input line 300.
(pdftex.def)             Requested size: 221.59857pt x 87.11572pt.

<images/after_shadow.png, id=81, 671.50874pt x 328.22626pt>
File: images/after_shadow.png Graphic file (type png)

<use images/after_shadow.png>
Package pdftex.def Info: images/after_shadow.png used on input line 301.
(pdftex.def)             Requested size: 221.59857pt x 108.31499pt.

Underfull \hbox (badness 10000) in paragraph at lines 312--314

 []

[11 <./images/before_shadow.png> <./images/after_shadow.png>] [12] [13]
LaTeX Font Info:    Font shape `OMS/cmr/m/it' in size <10.95> not available
(Font)              Font shape `OMS/cmsy/m/n' tried instead on input line 379.

Underfull \hbox (badness 10000) in paragraph at lines 375--385

 []


Underfull \hbox (badness 10000) in paragraph at lines 392--422

 []

[14] [15] <images/idea_stack.pdf, id=100, 564.1075pt x 312.16624pt>
File: images/idea_stack.pdf Graphic file (type pdf)

<use images/idea_stack.pdf>
Package pdftex.def Info: images/idea_stack.pdf used on input line 468.
(pdftex.def)             Requested size: 338.4671pt x 187.3012pt.
 [16]
Underfull \hbox (badness 10000) in paragraph at lines 500--501

 []

[17 <./images/idea_stack.pdf>]
<images/runtime_check.pdf, id=152, 383.4325pt x 533.995pt>
File: images/runtime_check.pdf Graphic file (type pdf)

<use images/runtime_check.pdf>
Package pdftex.def Info: images/runtime_check.pdf used on input line 510.
(pdftex.def)             Requested size: 230.06126pt x 320.39948pt.
 [18 <./images/runtime_check.pdf>] [19] [20]
[21] <images/stack_layout.pdf, id=168, 443.6575pt x 474.77374pt>
File: images/stack_layout.pdf Graphic file (type pdf)

<use images/stack_layout.pdf>
Package pdftex.def Info: images/stack_layout.pdf used on input line 644.
(pdftex.def)             Requested size: 244.01237pt x 261.12636pt.

<images/call_routine.pdf, id=169, 810.02625pt x 378.41376pt>
File: images/call_routine.pdf Graphic file (type pdf)

<use images/call_routine.pdf>
Package pdftex.def Info: images/call_routine.pdf used on input line 661.
(pdftex.def)             Requested size: 445.51581pt x 208.1282pt.
 [22] [23 <./images/stack_layout.pdf> <./images/call_routine.pdf>] <images/fram
e_transform.pdf, id=183, 453.695pt x 370.38374pt>
File: images/frame_transform.pdf Graphic file (type pdf)

<use images/frame_transform.pdf>
Package pdftex.def Info: images/frame_transform.pdf used on input line 690.
(pdftex.def)             Requested size: 272.2191pt x 222.23195pt.
 [24 <./images/frame_transform.pdf>]
<images/stack_transform.pdf, id=191, 584.1825pt x 352.31625pt>
File: images/stack_transform.pdf Graphic file (type pdf)

<use images/stack_transform.pdf>
Package pdftex.def Info: images/stack_transform.pdf used on input line 716.
(pdftex.def)             Requested size: 350.51219pt x 211.39137pt.

Underfull \hbox (badness 10000) in paragraph at lines 732--735

 []

[25 <./images/stack_transform.pdf>]
<images/stack_align.pdf, id=240, 717.68124pt x 463.7325pt>
File: images/stack_align.pdf Graphic file (type pdf)

<use images/stack_align.pdf>
Package pdftex.def Info: images/stack_align.pdf used on input line 760.
(pdftex.def)             Requested size: 430.61206pt x 278.24164pt.
 [26]
Underfull \hbox (badness 10000) in paragraph at lines 769--774

 []

[27 <./images/stack_align.pdf>]
Overfull \hbox (46.68126pt too wide) in paragraph at lines 784--785
[]\OT1/cmr/m/n/10.95 We call the orig-i-nal \OT1/cmr/m/it/10.95 main \OT1/cmr/m
/n/10.95 func-tion, its frame will start at the lo-ca-tion stored in \OT1/cmr/m
/it/10.95 next[]frame $\OT1/cmr/m/n/10.95 =$ \OT1/cmtt/m/n/10.95 0xfffff700 
 []


Underfull \hbox (badness 10000) in paragraph at lines 820--825

 []

(/usr/share/texlive/texmf-dist/tex/latex/listings/lstlang1.sty
File: lstlang1.sty 2015/06/04 1.6 listings language file
)
(/usr/share/texlive/texmf-dist/tex/latex/listings/lstlang2.sty
File: lstlang2.sty 2015/06/04 1.6 listings language file
)
LaTeX Font Info:    Try loading font information for OML+cmr on input line 832.


(/usr/share/texlive/texmf-dist/tex/latex/base/omlcmr.fd
File: omlcmr.fd 2014/09/29 v2.5h Standard LaTeX font definitions
)
LaTeX Font Info:    Font shape `OML/cmr/m/n' in size <10.95> not available
(Font)              Font shape `OML/cmm/m/it' tried instead on input line 832.
 [28] [29]
<images/guard.pdf, id=302, 254.9525pt x 298.11375pt>
File: images/guard.pdf Graphic file (type pdf)
 <use images/guard.pdf>
Package pdftex.def Info: images/guard.pdf used on input line 903.
(pdftex.def)             Requested size: 152.97266pt x 178.86963pt.

[30] [31 <./images/guard.pdf>]
Overfull \hbox (76.82686pt too wide) in paragraph at lines 978--979
[]\OT1/cmr/m/n/10.95 the il-le-gal ex-e-cu-tion, \OT1/cmr/m/it/10.95 tar-geted[
]address \OT1/cmr/m/n/10.95 is a re-turn ad-dress lo-ca-tion, we take \OT1/cmr/
m/it/10.95 tar-geted[]address \OT1/cmr/m/n/10.95 = \OT1/cmtt/m/n/10.95 0xfffff7
00
 []


Overfull \hbox (31.7124pt too wide) in paragraph at lines 979--980
[]\OT1/cmr/m/n/10.95 the safe ex-e-cu-tion, we take \OT1/cmr/m/it/10.95 tar-get
ed[]address \OT1/cmr/m/n/10.95 = \OT1/cmtt/m/n/10.95 0xfffff7a2 \OT1/cmr/m/n/10
.95 which gives \OT1/cmr/m/it/10.95 temp[]var \OT1/cmr/m/n/10.95 = \OT1/cmtt/m/
n/10.95 0x000000a2\OT1/cmr/m/n/10.95 . 
 []

[32]
Overfull \hbox (18.4625pt too wide) in paragraph at lines 998--999
[]\OT1/cmr/m/it/10.95 targeted[]address \OT1/cmr/m/n/10.95 = \OT1/cmr/m/it/10.9
5 temp[]var \OT1/cmr/m/n/10.95 & \OT1/cmr/m/it/10.95 tar-geted[]address \OT1/cm
r/m/n/10.95 = \OT1/cmtt/m/n/10.95 0x00000000 \OT1/cmr/m/n/10.95 & \OT1/cmtt/m/n
/10.95 0xfffff700 \OT1/cmr/m/n/10.95 = \OT1/cmtt/m/n/10.95 0x00000000 
 []


Overfull \hbox (18.4625pt too wide) in paragraph at lines 999--1000
[]\OT1/cmr/m/it/10.95 targeted[]address \OT1/cmr/m/n/10.95 = \OT1/cmr/m/it/10.9
5 temp[]var \OT1/cmr/m/n/10.95 & \OT1/cmr/m/it/10.95 tar-geted[]address \OT1/cm
r/m/n/10.95 = \OT1/cmtt/m/n/10.95 0xffffffff \OT1/cmr/m/n/10.95 & \OT1/cmtt/m/n
/10.95 0xfffff7a2 \OT1/cmr/m/n/10.95 = \OT1/cmtt/m/n/10.95 0xfffff7a2 
 []

[33]
Underfull \hbox (badness 10000) in paragraph at lines 1033--1035

 []


Underfull \hbox (badness 10000) in paragraph at lines 1036--1053

 []


Underfull \hbox (badness 10000) in paragraph at lines 1036--1053

 []


Underfull \hbox (badness 10000) in paragraph at lines 1063--1065

 []


Underfull \hbox (badness 10000) in paragraph at lines 1066--1081

 []


Overfull \hbox (17.8151pt too wide) in paragraph at lines 1085--1091
[]\OT1/cmr/m/n/10.95 For the sake of the ex-am-ple, we added in the er-ror be-h
aviour a state-ment which calls ``\OT1/cmr/m/it/10.95 printf(Address:
 []

[34] <images/time_graph.pdf, id=321, 642.4pt x 481.8pt>
File: images/time_graph.pdf Graphic file (type pdf)

<use images/time_graph.pdf>
Package pdftex.def Info: images/time_graph.pdf used on input line 1111.
(pdftex.def)             Requested size: 469.75502pt x 352.32861pt.

<images/time_percentage_graph.pdf, id=322, 642.4pt x 481.8pt>
File: images/time_percentage_graph.pdf Graphic file (type pdf)

<use images/time_percentage_graph.pdf>
Package pdftex.def Info: images/time_percentage_graph.pdf used on input line 11
18.
(pdftex.def)             Requested size: 469.75502pt x 352.32861pt.
 [35] [36]
<images/occurence_graph.pdf, id=330, 642.4pt x 481.8pt>
File: images/occurence_graph.pdf Graphic file (type pdf)

<use images/occurence_graph.pdf>
Package pdftex.def Info: images/occurence_graph.pdf used on input line 1148.
(pdftex.def)             Requested size: 469.75502pt x 352.32861pt.

<images/correlation_graph.pdf, id=331, 642.4pt x 481.8pt>
File: images/correlation_graph.pdf Graphic file (type pdf)

<use images/correlation_graph.pdf>
Package pdftex.def Info: images/correlation_graph.pdf used on input line 1160.
(pdftex.def)             Requested size: 469.75502pt x 352.32861pt.
 [37 <./images/time_graph.pdf>]
<images/frame_size_graph.pdf, id=344, 642.4pt x 481.8pt>
File: images/frame_size_graph.pdf Graphic file (type pdf)

<use images/frame_size_graph.pdf>
Package pdftex.def Info: images/frame_size_graph.pdf used on input line 1177.
(pdftex.def)             Requested size: 469.75502pt x 352.32861pt.
 [38 <./images/time_percentage_graph.pdf>]
[39 <./images/occurence_graph.pdf>] [40 <./images/correlation_graph.pdf>]
[41 <./images/frame_size_graph.pdf>] [42] [43] (./rapport.bbl) [44]
(./rapport.aux) ) 
Here is how much of TeX's memory you used:
 5226 strings out of 494924
 69597 string characters out of 6179708
 277929 words of memory out of 5000000
 8396 multiletter control sequences out of 15000+600000
 12797 words of font info for 46 fonts, out of 8000000 for 9000
 14 hyphenation exceptions out of 8191
 38i,7n,56p,1307b,1432s stack positions out of 5000i,500n,10000p,200000b,80000s
</usr/share/texlive/texmf-dist/fonts/type1/public/amsfonts/cm/
cmbx10.pfb></usr/share/texlive/texmf-dist/fonts/type1/public/amsfonts/cm/cmbx12
.pfb></usr/share/texlive/texmf-dist/fonts/type1/public/amsfonts/cm/cmbxti10.pfb
></usr/share/texlive/texmf-dist/fonts/type1/public/amsfonts/cm/cmcsc10.pfb></us
r/share/texlive/texmf-dist/fonts/type1/public/amsfonts/cm/cmmi10.pfb></usr/shar
e/texlive/texmf-dist/fonts/type1/public/amsfonts/cm/cmmi12.pfb></usr/share/texl
ive/texmf-dist/fonts/type1/public/amsfonts/cm/cmmi8.pfb></usr/share/texlive/tex
mf-dist/fonts/type1/public/amsfonts/cm/cmr10.pfb></usr/share/texlive/texmf-dist
/fonts/type1/public/amsfonts/cm/cmr12.pfb></usr/share/texlive/texmf-dist/fonts/
type1/public/amsfonts/cm/cmr8.pfb></usr/share/texlive/texmf-dist/fonts/type1/pu
blic/amsfonts/cm/cmsy10.pfb></usr/share/texlive/texmf-dist/fonts/type1/public/a
msfonts/cm/cmti10.pfb></usr/share/texlive/texmf-dist/fonts/type1/public/amsfont
s/cm/cmti12.pfb></usr/share/texlive/texmf-dist/fonts/type1/public/amsfonts/cm/c
mtt10.pfb>
Output written on rapport.pdf (46 pages, 1564367 bytes).
PDF statistics:
 451 PDF objects out of 1000 (max. 8388607)
 271 compressed objects within 3 object streams
 0 named destinations out of 1000 (max. 500000)
 166 words of extra memory for PDF output out of 10000 (max. 10000000)

