This is pdfTeX, Version 3.14159265-2.6-1.40.15 (TeX Live 2014) (preloaded format=pdflatex 2016.2.16)  17 MAY 2016 17:59
entering extended mode
 restricted \write18 enabled.
 %&-line parsing enabled.
**model.tex
(./model.tex
LaTeX2e <2011/06/27>
Babel <3.9k> and hyphenation patterns for 6 languages loaded.
(./sdm.cls
Document Class: sdm 2015/02/02 v0.1 LaTeX document class for Université Rennes
 1
(/usr/share/texlive/texmf-dist/tex/latex/base/article.cls
Document Class: article 2007/10/19 v1.4h Standard LaTeX document class
(/usr/share/texlive/texmf-dist/tex/latex/base/size11.clo
File: size11.clo 2007/10/19 v1.4h Standard LaTeX file (size option)
)
\c@part=\count79
\c@section=\count80
\c@subsection=\count81
\c@subsubsection=\count82
\c@paragraph=\count83
\c@subparagraph=\count84
\c@figure=\count85
\c@table=\count86
\abovecaptionskip=\skip41
\belowcaptionskip=\skip42
\bibindent=\dimen102
)
(/usr/share/texlive/texmf-dist/tex/latex/preprint/fullpage.sty
Package: fullpage 1999/02/23 1.1 (PWD)
\FP@margin=\skip43
)
(/usr/share/texlive/texmf-dist/tex/latex/graphics/graphicx.sty
Package: graphicx 1999/02/16 v1.0f Enhanced LaTeX Graphics (DPC,SPQR)

(/usr/share/texlive/texmf-dist/tex/latex/graphics/keyval.sty
Package: keyval 1999/03/16 v1.13 key=value parser (DPC)
\KV@toks@=\toks14
)
(/usr/share/texlive/texmf-dist/tex/latex/graphics/graphics.sty
Package: graphics 2009/02/05 v1.0o Standard LaTeX Graphics (DPC,SPQR)

(/usr/share/texlive/texmf-dist/tex/latex/graphics/trig.sty
Package: trig 1999/03/16 v1.09 sin cos tan (DPC)
)
(/usr/share/texlive/texmf-dist/tex/latex/latexconfig/graphics.cfg
File: graphics.cfg 2010/04/23 v1.9 graphics configuration of TeX Live
)
Package graphics Info: Driver file: pdftex.def on input line 91.

(/usr/share/texlive/texmf-dist/tex/latex/pdftex-def/pdftex.def
File: pdftex.def 2011/05/27 v0.06d Graphics/color for pdfTeX

(/usr/share/texlive/texmf-dist/tex/generic/oberdiek/infwarerr.sty
Package: infwarerr 2010/04/08 v1.3 Providing info/warning/error messages (HO)
)
(/usr/share/texlive/texmf-dist/tex/generic/oberdiek/ltxcmds.sty
Package: ltxcmds 2011/11/09 v1.22 LaTeX kernel commands for general use (HO)
)
\Gread@gobject=\count87
))
\Gin@req@height=\dimen103
\Gin@req@width=\dimen104
))
(./model.aux)
\openout1 = `model.aux'.

LaTeX Font Info:    Checking defaults for OML/cmm/m/it on input line 82.
LaTeX Font Info:    ... okay on input line 82.
LaTeX Font Info:    Checking defaults for T1/cmr/m/n on input line 82.
LaTeX Font Info:    ... okay on input line 82.
LaTeX Font Info:    Checking defaults for OT1/cmr/m/n on input line 82.
LaTeX Font Info:    ... okay on input line 82.
LaTeX Font Info:    Checking defaults for OMS/cmsy/m/n on input line 82.
LaTeX Font Info:    ... okay on input line 82.
LaTeX Font Info:    Checking defaults for OMX/cmex/m/n on input line 82.
LaTeX Font Info:    ... okay on input line 82.
LaTeX Font Info:    Checking defaults for U/cmr/m/n on input line 82.
LaTeX Font Info:    ... okay on input line 82.
 (/usr/share/texlive/texmf-dist/tex/context/base/supp-pdf.mkii
[Loading MPS to PDF converter (version 2006.09.02).]
\scratchcounter=\count88
\scratchdimen=\dimen105
\scratchbox=\box26
\nofMPsegments=\count89
\nofMParguments=\count90
\everyMPshowfont=\toks15
\MPscratchCnt=\count91
\MPscratchDim=\dimen106
\MPnumerator=\count92
\makeMPintoPDFobject=\count93
\everyMPtoPDFconversion=\toks16
) (/usr/share/texlive/texmf-dist/tex/generic/oberdiek/pdftexcmds.sty
Package: pdftexcmds 2011/11/29 v0.20 Utility functions of pdfTeX for LuaTeX (HO
)

(/usr/share/texlive/texmf-dist/tex/generic/oberdiek/ifluatex.sty
Package: ifluatex 2010/03/01 v1.3 Provides the ifluatex switch (HO)
Package ifluatex Info: LuaTeX not detected.
)
(/usr/share/texlive/texmf-dist/tex/generic/oberdiek/ifpdf.sty
Package: ifpdf 2011/01/30 v2.3 Provides the ifpdf switch (HO)
Package ifpdf Info: pdfTeX in PDF mode is detected.
)
Package pdftexcmds Info: LuaTeX not detected.
Package pdftexcmds Info: \pdf@primitive is available.
Package pdftexcmds Info: \pdf@ifprimitive is available.
Package pdftexcmds Info: \pdfdraftmode found.
)
(/usr/share/texlive/texmf-dist/tex/latex/oberdiek/epstopdf-base.sty
Package: epstopdf-base 2010/02/09 v2.5 Base part for package epstopdf

(/usr/share/texlive/texmf-dist/tex/latex/oberdiek/grfext.sty
Package: grfext 2010/08/19 v1.1 Manage graphics extensions (HO)

(/usr/share/texlive/texmf-dist/tex/generic/oberdiek/kvdefinekeys.sty
Package: kvdefinekeys 2011/04/07 v1.3 Define keys (HO)
))
(/usr/share/texlive/texmf-dist/tex/latex/oberdiek/kvoptions.sty
Package: kvoptions 2011/06/30 v3.11 Key value format for package options (HO)

(/usr/share/texlive/texmf-dist/tex/generic/oberdiek/kvsetkeys.sty
Package: kvsetkeys 2012/04/25 v1.16 Key value parser (HO)

(/usr/share/texlive/texmf-dist/tex/generic/oberdiek/etexcmds.sty
Package: etexcmds 2011/02/16 v1.5 Avoid name clashes with e-TeX commands (HO)
Package etexcmds Info: Could not find \expanded.
(etexcmds)             That can mean that you are not using pdfTeX 1.50 or
(etexcmds)             that some package has redefined \expanded.
(etexcmds)             In the latter case, load this package earlier.
)))
Package grfext Info: Graphics extension search list:
(grfext)             [.png,.pdf,.jpg,.mps,.jpeg,.jbig2,.jb2,.PNG,.PDF,.JPG,.JPE
G,.JBIG2,.JB2,.eps]
(grfext)             \AppendGraphicsExtensions on input line 452.

(/usr/share/texlive/texmf-dist/tex/latex/latexconfig/epstopdf-sys.cfg
File: epstopdf-sys.cfg 2010/07/13 v1.3 Configuration of (r)epstopdf for TeX Liv
e
))
<./header.jpg, id=1, 722.7pt x 144.54pt>
File: ./header.jpg Graphic file (type jpg)
 <use ./header.jpg>
Package pdftex.def Info: ./header.jpg used on input line 83.
(pdftex.def)             Requested size: 375.80544pt x 75.16121pt.

<./rennes1.png, id=2, 353.32pt x 143.53625pt>
File: ./rennes1.png Graphic file (type png)
 <use ./rennes1.png>
Package pdftex.def Info: ./rennes1.png used on input line 83.
(pdftex.def)             Requested size: 42.27623pt x 17.17322pt.

<./ENS-Rennes.png, id=3, 479.54156pt x 205.5178pt>
File: ./ENS-Rennes.png Graphic file (type png)
 <use ./ENS-Rennes.png>
Package pdftex.def Info: ./ENS-Rennes.png used on input line 83.
(pdftex.def)             Requested size: 42.27623pt x 18.11635pt.

<./insa-rennes.png, id=4, 305.7021pt x 66.2475pt>
File: ./insa-rennes.png Graphic file (type png)
 <use ./insa-rennes.png>
Package pdftex.def Info: ./insa-rennes.png used on input line 83.
(pdftex.def)             Requested size: 46.97836pt x 10.1803pt.

<./supelec.jpg, id=6, 277.5168pt x 142.6128pt>
File: ./supelec.jpg Graphic file (type jpg)
 <use ./supelec.jpg>
Package pdftex.def Info: ./supelec.jpg used on input line 83.
(pdftex.def)             Requested size: 37.58125pt x 19.31064pt.

<./esir.png, id=7, 160.6pt x 71.26625pt>
File: ./esir.png Graphic file (type png)
 <use ./esir.png>
Package pdftex.def Info: ./esir.png used on input line 83.
(pdftex.def)             Requested size: 28.18414pt x 12.50656pt.

<./enssat.png, id=8, 1354.05875pt x 552.0625pt>
File: ./enssat.png Graphic file (type png)
 <use ./enssat.png>
Package pdftex.def Info: ./enssat.png used on input line 83.
(pdftex.def)             Requested size: 32.88629pt x 13.40224pt.

<./UBO.png, id=9, 170.7981pt x 113.9457pt>
File: ./UBO.png Graphic file (type png)
 <use ./UBO.png>
Package pdftex.def Info: ./UBO.png used on input line 83.
(pdftex.def)             Requested size: 32.88629pt x 21.93852pt.

<./logo_ENIB.jpg, id=10, 742.775pt x 355.3275pt>
File: ./logo_ENIB.jpg Graphic file (type jpg)
 <use ./logo_ENIB.jpg>
Package pdftex.def Info: ./logo_ENIB.jpg used on input line 83.
(pdftex.def)             Requested size: 42.27623pt x 20.22351pt.

<./tel-br.jpg, id=11, 593.21625pt x 593.21625pt>
File: ./tel-br.jpg Graphic file (type jpg)
 <use ./tel-br.jpg>
Package pdftex.def Info: ./tel-br.jpg used on input line 83.
(pdftex.def)             Requested size: 23.48918pt x 23.48021pt.

<./ensta.jpg, id=12, 204.765pt x 247.92625pt>
File: ./ensta.jpg Graphic file (type jpg)
 <use ./ensta.jpg>
Package pdftex.def Info: ./ensta.jpg used on input line 83.
(pdftex.def)             Requested size: 23.48918pt x 28.43715pt.

<./logoUbs.png, id=13, 151.0443pt x 96.36pt>
File: ./logoUbs.png Graphic file (type png)
 <use ./logoUbs.png>
Package pdftex.def Info: ./logoUbs.png used on input line 83.
(pdftex.def)             Requested size: 23.48918pt x 14.98416pt.
LaTeX Font Info:    External font `cmex10' loaded for size
(Font)              <10.95> on input line 83.
LaTeX Font Info:    External font `cmex10' loaded for size
(Font)              <8> on input line 83.
LaTeX Font Info:    External font `cmex10' loaded for size
(Font)              <6> on input line 83.

<rennes1.png, id=14, 353.32pt x 143.53625pt>
File: rennes1.png Graphic file (type png)
 <use rennes1.png>
Package pdftex.def Info: rennes1.png used on input line 83.
(pdftex.def)             Requested size: 42.27623pt x 17.17322pt.
 [1

{/usr/share/texlive/texmf-dist/fonts/map/pdftex/updmap/pdftex.map} <./header.jp
g> <./rennes1.png (PNG copy)> <./ENS-Rennes.png (PNG copy)> <./insa-rennes.png>
 <./supelec.jpg> <./esir.png (PNG copy)> <./enssat.png> <./UBO.png> <./logo_ENI
B.jpg> <./tel-br.jpg> <./ensta.jpg> <./logoUbs.png> <./rennes1.png (PNG copy)>]
 (./model.toc)
\tf@toc=\write3
\openout3 = `model.toc'.

[1]
Underfull \hbox (badness 10000) in paragraph at lines 89--90

 []

[1] (./model.aux) ) 
Here is how much of TeX's memory you used:
 1595 strings out of 494955
 22775 string characters out of 6179231
 76504 words of memory out of 5000000
 4812 multiletter control sequences out of 15000+600000
 8840 words of font info for 31 fonts, out of 8000000 for 9000
 36 hyphenation exceptions out of 8191
 37i,4n,23p,239b,268s stack positions out of 5000i,500n,10000p,200000b,80000s
</usr/share/texlive/texmf-dist/fonts/type1/public/amsfonts/c
m/cmbx10.pfb></usr/share/texlive/texmf-dist/fonts/type1/public/amsfonts/cm/cmbx
12.pfb></usr/share/texlive/texmf-dist/fonts/type1/public/amsfonts/cm/cmcsc10.pf
b></usr/share/texlive/texmf-dist/fonts/type1/public/amsfonts/cm/cmr10.pfb></usr
/share/texlive/texmf-dist/fonts/type1/public/amsfonts/cm/cmr12.pfb></usr/share/
texlive/texmf-dist/fonts/type1/public/amsfonts/cm/cmti12.pfb>
Output written on model.pdf (3 pages, 519673 bytes).
PDF statistics:
 56 PDF objects out of 1000 (max. 8388607)
 27 compressed objects within 1 object stream
 0 named destinations out of 1000 (max. 500000)
 66 words of extra memory for PDF output out of 10000 (max. 10000000)

